# JRE version: OpenJDK Runtime Environment (17.0.6) (build 17.0.6+0-b2043.56-9586694)
# Java VM: OpenJDK 64-Bit Server VM (17.0.6+0-b2043.56-9586694, mixed mode, tiered, compressed oops, compressed class ptrs, g1 gc, windows-amd64)
GC Precious Log:
 CPUs: 4 total, 4 available
 Memory: 8060M
 Large Page Support: Disabled
 NUMA Support: Disabled
 Compressed Oops: Enabled (32-bit)
 Heap Region Size: 1M
 Heap Min Capacity: 8M
 Heap Initial Capacity: 126M
 Heap Max Capacity: 2G
 Pre-touch: Disabled
 Parallel Workers: 4
 Concurrent Workers: 1
 Concurrent Refinement Workers: 4
 Periodic GC: Disabled
Heap:
 garbage-first heap   total 388096K, used 239240K [0x0000000080000000, 0x0000000100000000)
  region size 1024K, 7 young (7168K), 7 survivors (7168K)
 Metaspace       used 115633K, committed 116672K, reserved 1155072K
  class space    used 15507K, committed 16000K, reserved 1048576K
GC Heap History (20 events):
Event: 33.917 GC heap after
{Heap after GC invocations=56 (full 0):
 garbage-first heap   total 319488K, used 186822K [0x0000000080000000, 0x0000000100000000)
  region size 1024K, 2 young (2048K), 2 survivors (2048K)
 Metaspace       used 101927K, committed 102720K, reserved 1138688K
  class space    used 13855K, committed 14208K, reserved 1048576K
}
Event: 35.906 GC heap before
{Heap before GC invocations=56 (full 0):
 garbage-first heap   total 319488K, used 264646K [0x0000000080000000, 0x0000000100000000)
  region size 1024K, 79 young (80896K), 2 survivors (2048K)
 Metaspace       used 103833K, committed 104576K, reserved 1146880K
  class space    used 13975K, committed 14336K, reserved 1048576K
}
Event: 35.920 GC heap after
{Heap after GC invocations=57 (full 0):
 garbage-first heap   total 319488K, used 194829K [0x0000000080000000, 0x0000000100000000)
  region size 1024K, 9 young (9216K), 9 survivors (9216K)
 Metaspace       used 103833K, committed 104576K, reserved 1146880K
  class space    used 13975K, committed 14336K, reserved 1048576K
}
Event: 37.257 GC heap before
{Heap before GC invocations=58 (full 0):
 garbage-first heap   total 348160K, used 260365K [0x0000000080000000, 0x0000000100000000)
  region size 1024K, 74 young (75776K), 9 survivors (9216K)
 Metaspace       used 104691K, committed 105472K, reserved 1146880K
  class space    used 14056K, committed 14400K, reserved 1048576K
}
Event: 37.275 GC heap after
{Heap after GC invocations=59 (full 0):
 garbage-first heap   total 348160K, used 200339K [0x0000000080000000, 0x0000000100000000)
  region size 1024K, 6 young (6144K), 6 survivors (6144K)
 Metaspace       used 104691K, committed 105472K, reserved 1146880K
  class space    used 14056K, committed 14400K, reserved 1048576K
}
Event: 37.489 GC heap before
{Heap before GC invocations=59 (full 0):
 garbage-first heap   total 348160K, used 211603K [0x0000000080000000, 0x0000000100000000)
  region size 1024K, 17 young (17408K), 6 survivors (6144K)
 Metaspace       used 105370K, committed 106176K, reserved 1146880K
  class space    used 14136K, committed 14528K, reserved 1048576K
}
Event: 37.502 GC heap after
{Heap after GC invocations=60 (full 0):
 garbage-first heap   total 348160K, used 200620K [0x0000000080000000, 0x0000000100000000)
  region size 1024K, 2 young (2048K), 2 survivors (2048K)
 Metaspace       used 105370K, committed 106176K, reserved 1146880K
  class space    used 14136K, committed 14528K, reserved 1048576K
}
Event: 38.919 GC heap before
{Heap before GC invocations=60 (full 0):
 garbage-first heap   total 348160K, used 283564K [0x0000000080000000, 0x0000000100000000)
  region size 1024K, 84 young (86016K), 2 survivors (2048K)
 Metaspace       used 108490K, committed 109376K, reserved 1146880K
  class space    used 14518K, committed 14912K, reserved 1048576K
}
Event: 38.933 GC heap after
{Heap after GC invocations=61 (full 0):
 garbage-first heap   total 348160K, used 206492K [0x0000000080000000, 0x0000000100000000)
  region size 1024K, 7 young (7168K), 7 survivors (7168K)
 Metaspace       used 108490K, committed 109376K, reserved 1146880K
  class space    used 14518K, committed 14912K, reserved 1048576K
}
Event: 69.652 GC heap before
{Heap before GC invocations=62 (full 0):
 garbage-first heap   total 363520K, used 286364K [0x0000000080000000, 0x0000000100000000)
  region size 1024K, 85 young (87040K), 7 survivors (7168K)
 Metaspace       used 112175K, committed 113088K, reserved 1146880K
  class space    used 15004K, committed 15424K, reserved 1048576K
}
Event: 69.677 GC heap after
{Heap after GC invocations=63 (full 0):
 garbage-first heap   total 363520K, used 215458K [0x0000000080000000, 0x0000000100000000)
  region size 1024K, 9 young (9216K), 9 survivors (9216K)
 Metaspace       used 112175K, committed 113088K, reserved 1146880K
  class space    used 15004K, committed 15424K, reserved 1048576K
}
Event: 69.910 GC heap before
{Heap before GC invocations=63 (full 0):
 garbage-first heap   total 363520K, used 223650K [0x0000000080000000, 0x0000000100000000)
  region size 1024K, 17 young (17408K), 9 survivors (9216K)
 Metaspace       used 112558K, committed 113536K, reserved 1146880K
  class space    used 15058K, committed 15488K, reserved 1048576K
}
Event: 69.925 GC heap after
{Heap after GC invocations=64 (full 0):
 garbage-first heap   total 363520K, used 217088K [0x0000000080000000, 0x0000000100000000)
  region size 1024K, 2 young (2048K), 2 survivors (2048K)
 Metaspace       used 112558K, committed 113536K, reserved 1146880K
  class space    used 15058K, committed 15488K, reserved 1048576K
}
Event: 71.597 GC heap before
{Heap before GC invocations=64 (full 0):
 garbage-first heap   total 363520K, used 300032K [0x0000000080000000, 0x0000000100000000)
  region size 1024K, 83 young (84992K), 2 survivors (2048K)
 Metaspace       used 113995K, committed 114944K, reserved 1155072K
  class space    used 15227K, committed 15680K, reserved 1048576K
}
Event: 71.618 GC heap after
{Heap after GC invocations=65 (full 0):
 garbage-first heap   total 363520K, used 228352K [0x0000000080000000, 0x0000000100000000)
  region size 1024K, 11 young (11264K), 11 survivors (11264K)
 Metaspace       used 113995K, committed 114944K, reserved 1155072K
  class space    used 15227K, committed 15680K, reserved 1048576K
}
Event: 74.425 GC heap before
{Heap before GC invocations=66 (full 0):
 garbage-first heap   total 388096K, used 299008K [0x0000000080000000, 0x0000000100000000)
  region size 1024K, 81 young (82944K), 11 survivors (11264K)
 Metaspace       used 114887K, committed 115904K, reserved 1155072K
  class space    used 15388K, committed 15872K, reserved 1048576K
}
Event: 74.450 GC heap after
{Heap after GC invocations=67 (full 0):
 garbage-first heap   total 388096K, used 236181K [0x0000000080000000, 0x0000000100000000)
  region size 1024K, 8 young (8192K), 8 survivors (8192K)
 Metaspace       used 114887K, committed 115904K, reserved 1155072K
  class space    used 15388K, committed 15872K, reserved 1048576K
}
Event: 74.682 GC heap before
{Heap before GC invocations=67 (full 0):
 garbage-first heap   total 388096K, used 245397K [0x0000000080000000, 0x0000000100000000)
  region size 1024K, 18 young (18432K), 8 survivors (8192K)
 Metaspace       used 114892K, committed 115968K, reserved 1155072K
  class space    used 15388K, committed 15872K, reserved 1048576K
}
Event: 74.699 GC heap after
{Heap after GC invocations=68 (full 0):
 garbage-first heap   total 388096K, used 233710K [0x0000000080000000, 0x0000000100000000)
  region size 1024K, 2 young (2048K), 2 survivors (2048K)
 Metaspace       used 114892K, committed 115968K, reserved 1155072K
  class space    used 15388K, committed 15872K, reserved 1048576K
}
Event: 76.381 GC heap before
{Heap before GC invocations=68 (full 0):
 garbage-first heap   total 388096K, used 318702K [0x0000000080000000, 0x0000000100000000)
  region size 1024K, 86 young (88064K), 2 survivors (2048K)
 Metaspace       used 115633K, committed 116672K, reserved 1155072K
  class space    used 15507K, committed 16000K, reserved 1048576K
}

